<?xml version="1.0" encoding="UTF-8"?>
<testsuites name="Suite" time="28.284" tests="1" failures="0" errors="0">
   <testsuite name="Suite" tests="1" failures="0" errors="0" time="28.284" skipped="0" timestamp="2023-07-10 14:03:30" hostname="Jefferson - PC-Central" id="Test Suites/Suite">
      <properties>
         <property name="deviceName" value=""/>
         <property name="devicePlatform" value=""/>
         <property name="logFolder" value="E:\\Entrevista\\DEVCO\\DEVCO\\Reports\\20230710_140327\\Suite\\20230710_140328"/>
         <property name="logFiles" value="E:\\Entrevista\\DEVCO\\DEVCO\\Reports\\20230710_140327\\Suite\\20230710_140328\\execution0.log"/>
         <property name="attachments" value="E:\\Entrevista\\DEVCO\\DEVCO\\Reports\\20230710_140327\\Suite\\20230710_140328\\1689015816497.png, E:\\Entrevista\\DEVCO\\DEVCO\\Reports\\20230710_140327\\Suite\\20230710_140328\\1689015818884.png, E:\\Entrevista\\DEVCO\\DEVCO\\Reports\\20230710_140327\\Suite\\20230710_140328\\1689015820917.png, E:\\Entrevista\\DEVCO\\DEVCO\\Reports\\20230710_140327\\Suite\\20230710_140328\\1689015822034.png, E:\\Entrevista\\DEVCO\\DEVCO\\Reports\\20230710_140327\\Suite\\20230710_140328\\1689015822902.png, E:\\Entrevista\\DEVCO\\DEVCO\\Reports\\20230710_140327\\Suite\\20230710_140328\\1689015827821.png, E:\\Entrevista\\DEVCO\\DEVCO\\Reports\\20230710_140327\\Suite\\20230710_140328\\1689015830147.png, E:\\Entrevista\\DEVCO\\DEVCO\\Reports\\20230710_140327\\Suite\\20230710_140328\\1689015836492.png, E:\\Entrevista\\DEVCO\\DEVCO\\Reports\\20230710_140327\\Suite\\20230710_140328\\1689015837686.png"/>
         <property name="hostName" value="Jefferson - PC-Central"/>
         <property name="os" value="Windows 10 64bit"/>
         <property name="katalonVersion" value="8.6.5.208"/>
         <property name="browser" value="Chrome 114.0.0.0"/>
         <property name="hostAddress" value="192.168.1.179"/>
         <property name="sessionId" value="897b4a3da241ce87a5efc79a318cc883"/>
         <property name="seleniumVersion" value="3.141.59"/>
         <property name="proxyInformation" value="ProxyInformation { proxyOption=NO_PROXY, proxyServerType=HTTP, username=, password=********, proxyServerAddress=, proxyServerPort=0, executionList=&quot;&quot;, isApplyToDesiredCapabilities=true }"/>
         <property name="platform" value="Windows 10"/>
      </properties>
      <testcase name="Test Cases/Scenarios" time="28.082" classname="Test Cases/Scenarios" status="PASSED">
         <system-out><![CDATA[2023-07-10 14:03:30 - [TEST_CASE][PASSED] - Test Cases/Scenarios: Test Cases/Scenarios

2023-07-10 14:03:30 - [TEST_STEP][PASSED] - runFeatureFile("Include/features/Escenarios.feature"): Feature file: 'Include/features/Escenarios.feature' was passed

2023-07-10 14:03:30 - [MESSAGE][INFO] - Starting run keyword runFeatureFile: 'Include/features/Escenarios.feature' and extract report to folder: 'E:\Entrevista\DEVCO\DEVCO\Reports\20230710_140327\Suite\20230710_140328/cucumber_report/1689015810726'...

2023-07-10 14:03:31 - [TEST_CASE][PASSED] - Start Test Case : SCENARIO El usuario crea nota de tipo Nota de texto enriquecido y pone el texto en negrita: SCENARIO El usuario crea nota de tipo Nota de texto enriquecido y pone el texto en negrita

2023-07-10 14:03:31 - [TEST_STEP][PASSED] - El usuario ingresa a la pagina web: El usuario ingresa a la pagina web

2023-07-10 14:03:31 - [MESSAGE][INFO] - Starting 'Chrome' driver

2023-07-10 14:03:31 - [MESSAGE][INFO] - Action delay is set to 0 milliseconds

2023-07-10 14:03:35 - [MESSAGE][PASSED] - Browser is opened with url: 'https://www.online-notepad.net/es/bloc-de-notas-online'

2023-07-10 14:03:35 - [MESSAGE][PASSED] - Current window maximized

2023-07-10 14:03:36 - [MESSAGE][PASSED] - Taking screenshot successfully
[[ATTACHMENT|E:\\Entrevista\\DEVCO\\DEVCO\\Reports\\20230710_140327\\Suite\\20230710_140328\\1689015816497.png]]

2023-07-10 14:03:36 - [MESSAGE][PASSED] - El usuario ingresa a la pagina web

2023-07-10 14:03:36 - [TEST_STEP][PASSED] - El usuario selecciona la opción Nota de texto enriquecido: El usuario selecciona la opción Nota de texto enriquecido

2023-07-10 14:03:38 - [MESSAGE][PASSED] - Object: 'Object Repository/buttonRichTextNote' is clicked on

2023-07-10 14:03:39 - [MESSAGE][PASSED] - Taking screenshot successfully
[[ATTACHMENT|E:\\Entrevista\\DEVCO\\DEVCO\\Reports\\20230710_140327\\Suite\\20230710_140328\\1689015818884.png]]

2023-07-10 14:03:39 - [MESSAGE][PASSED] - El usuario selecciona la opción Nota de texto enriquecido

2023-07-10 14:03:39 - [TEST_STEP][PASSED] - El usuario ingresa un texto y lo sombrea: El usuario ingresa un texto y lo sombrea

2023-07-10 14:03:40 - [MESSAGE][PASSED] - Text 'Texto de Practica' is set on object 'Object Repository/textAreaRichRextNote'

2023-07-10 14:03:40 - [MESSAGE][PASSED] - Keys 'CONTROL + a' sent to object: 'Object Repository/textAreaRichRextNote'

2023-07-10 14:03:41 - [MESSAGE][PASSED] - Taking screenshot successfully
[[ATTACHMENT|E:\\Entrevista\\DEVCO\\DEVCO\\Reports\\20230710_140327\\Suite\\20230710_140328\\1689015820917.png]]

2023-07-10 14:03:41 - [MESSAGE][PASSED] - El usuario ingresa un texto y lo sombrea

2023-07-10 14:03:41 - [TEST_STEP][PASSED] - El usuario hace clic en el botón de negrita: El usuario hace clic en el botón de negrita

2023-07-10 14:03:41 - [MESSAGE][PASSED] - Object: 'Object Repository/buttonBlack' is clicked on

2023-07-10 14:03:42 - [MESSAGE][PASSED] - Taking screenshot successfully
[[ATTACHMENT|E:\\Entrevista\\DEVCO\\DEVCO\\Reports\\20230710_140327\\Suite\\20230710_140328\\1689015822034.png]]

2023-07-10 14:03:42 - [MESSAGE][PASSED] - El usuario hace clic en el botón de negrita

2023-07-10 14:03:42 - [TEST_STEP][PASSED] - El sistema presenta el texto en negrita: El sistema presenta el texto en negrita

2023-07-10 14:03:42 - [MESSAGE][WARNING] - Timeout '0' is invalid. Using default page load timeout: '30'

2023-07-10 14:03:42 - [MESSAGE][PASSED] - Object 'Object Repository/textBlack' is present

2023-07-10 14:03:43 - [MESSAGE][PASSED] - Taking screenshot successfully
[[ATTACHMENT|E:\\Entrevista\\DEVCO\\DEVCO\\Reports\\20230710_140327\\Suite\\20230710_140328\\1689015822902.png]]

2023-07-10 14:03:43 - [MESSAGE][PASSED] - Browser is closed

2023-07-10 14:03:43 - [MESSAGE][PASSED] - El sistema presenta el texto en negrita

2023-07-10 14:03:43 - [TEST_CASE][PASSED] - Start Test Case : SCENARIO Eliminar un artículo de una lista de 5 elementos: SCENARIO Eliminar un artículo de una lista de 5 elementos

2023-07-10 14:03:43 - [TEST_STEP][PASSED] - El usuario ingresa a la pagina web: El usuario ingresa a la pagina web

2023-07-10 14:03:43 - [MESSAGE][INFO] - Starting 'Chrome' driver

2023-07-10 14:03:43 - [MESSAGE][INFO] - Action delay is set to 0 milliseconds

2023-07-10 14:03:46 - [MESSAGE][PASSED] - Browser is opened with url: 'https://www.online-notepad.net/es/bloc-de-notas-online'

2023-07-10 14:03:46 - [MESSAGE][PASSED] - Current window maximized

2023-07-10 14:03:47 - [MESSAGE][PASSED] - Taking screenshot successfully
[[ATTACHMENT|E:\\Entrevista\\DEVCO\\DEVCO\\Reports\\20230710_140327\\Suite\\20230710_140328\\1689015827821.png]]

2023-07-10 14:03:47 - [MESSAGE][PASSED] - El usuario ingresa a la pagina web

2023-07-10 14:03:47 - [TEST_STEP][PASSED] - El usuario selecciona la opción Lista de tareas: El usuario selecciona la opción Lista de tareas

2023-07-10 14:03:49 - [MESSAGE][PASSED] - Object: 'Object Repository/buttonTaskList' is clicked on

2023-07-10 14:03:50 - [MESSAGE][PASSED] - Taking screenshot successfully
[[ATTACHMENT|E:\\Entrevista\\DEVCO\\DEVCO\\Reports\\20230710_140327\\Suite\\20230710_140328\\1689015830147.png]]

2023-07-10 14:03:50 - [MESSAGE][PASSED] - El usuario selecciona la opción Lista de tareas

2023-07-10 14:03:50 - [TEST_STEP][PASSED] - El usuario agrega 5 elementos a la lista: El usuario agrega 5 elementos a la lista

2023-07-10 14:03:51 - [MESSAGE][PASSED] - Text 'Value1' is set on object 'Object Repository/inputNewTask'

2023-07-10 14:03:51 - [MESSAGE][PASSED] - Object: 'Object Repository/buttonAdd' is clicked on

2023-07-10 14:03:52 - [MESSAGE][PASSED] - Text 'Value2' is set on object 'Object Repository/inputNewTask'

2023-07-10 14:03:52 - [MESSAGE][PASSED] - Object: 'Object Repository/buttonAdd' is clicked on

2023-07-10 14:03:53 - [MESSAGE][PASSED] - Text 'Value3' is set on object 'Object Repository/inputNewTask'

2023-07-10 14:03:53 - [MESSAGE][PASSED] - Object: 'Object Repository/buttonAdd' is clicked on

2023-07-10 14:03:54 - [MESSAGE][PASSED] - Text 'Value4' is set on object 'Object Repository/inputNewTask'

2023-07-10 14:03:54 - [MESSAGE][PASSED] - Object: 'Object Repository/buttonAdd' is clicked on

2023-07-10 14:03:55 - [MESSAGE][PASSED] - Text 'Value5' is set on object 'Object Repository/inputNewTask'

2023-07-10 14:03:56 - [MESSAGE][PASSED] - Object: 'Object Repository/buttonAdd' is clicked on

2023-07-10 14:03:56 - [MESSAGE][PASSED] - Taking screenshot successfully
[[ATTACHMENT|E:\\Entrevista\\DEVCO\\DEVCO\\Reports\\20230710_140327\\Suite\\20230710_140328\\1689015836492.png]]

2023-07-10 14:03:56 - [MESSAGE][PASSED] - El usuario agrega 5 elementos a la lista

2023-07-10 14:03:56 - [TEST_STEP][PASSED] - El usuario elimina un elemento de la lista haciendo clic en el botón de eliminar: El usuario elimina un elemento de la lista haciendo clic en el botón de eliminar

2023-07-10 14:03:57 - [MESSAGE][PASSED] - Object: 'Object Repository/buttonDeleteElementList' is clicked on

2023-07-10 14:03:58 - [MESSAGE][PASSED] - Taking screenshot successfully
[[ATTACHMENT|E:\\Entrevista\\DEVCO\\DEVCO\\Reports\\20230710_140327\\Suite\\20230710_140328\\1689015837686.png]]

2023-07-10 14:03:58 - [MESSAGE][PASSED] - El usuario elimina un elemento de la lista haciendo clic en el botón de eliminar

2023-07-10 14:03:58 - [TEST_STEP][PASSED] - El usuario confirma que el elemento eliminado no aparece en la lista: El usuario confirma que el elemento eliminado no aparece en la lista

2023-07-10 14:03:58 - [MESSAGE][PASSED] - Browser is closed

2023-07-10 14:03:58 - [MESSAGE][PASSED] - El usuario confirma que el elemento eliminado no aparece en la lista

2023-07-10 14:03:58 - [MESSAGE][PASSED] - Feature file: 'Include/features/Escenarios.feature' was passed

2023-07-10 14:03:58 - [TEST_STEP][PASSED] - Start listener action : sampleAfterTestCase: null]]></system-out>
         <system-err><![CDATA[]]></system-err>
      </testcase>
      <system-out><![CDATA[2023-07-10 14:03:30 - [TEST_SUITE][PASSED] - Suite: Test Cases/Scenarios]]></system-out>
      <system-err><![CDATA[]]></system-err>
   </testsuite>
</testsuites>
